app/build/outputs/logs/manifest-merger-debug-report.txt
-- Merging decision tree log ---
manifest
ADDED from src\main\AndroidManifest.xml:2:1-60:12
	package
		ADDED from src\main\AndroidManifest.xml:3:5-32
		INJECTED from src\main\AndroidManifest.xml
		INJECTED from src\main\AndroidManifest.xml
	android:versionName
		ADDED from src\main\AndroidManifest.xml:5:5-30
		INJECTED from src\main\AndroidManifest.xml
		INJECTED from src\main\AndroidManifest.xml
	android:versionCode
		ADDED from src\main\AndroidManifest.xml:4:5-28
		INJECTED from src\main\AndroidManifest.xml
		INJECTED from src\main\AndroidManifest.xml
	xmlns:android
		ADDED from src\main\AndroidManifest.xml:2:11-69
application
ADDED from src\main\AndroidManifest.xml:7:5-58:19
MERGED from [com.android.support:design:23.4.0] AndroidManifest.xml:22:5-20
MERGED from [com.android.support:support-v4:23.4.0] AndroidManifest.xml:22:5-20
MERGED from [com.android.support:appcompat-v7:23.4.0] AndroidManifest.xml:25:5-20
MERGED from [com.android.support:animated-vector-drawable:23.4.0] AndroidManifest.xml:7:5-20
MERGED from [com.android.support:support-vector-drawable:23.4.0] AndroidManifest.xml:7:5-20
	android:label
		ADDED from src\main\AndroidManifest.xml:10:9-41
	android:allowBackup
		ADDED from src\main\AndroidManifest.xml:8:9-35
	android:icon
		ADDED from src\main\AndroidManifest.xml:9:9-45
	android:theme
		ADDED from src\main\AndroidManifest.xml:11:9-53
activity#com.hy.customview.MainActivity
ADDED from src\main\AndroidManifest.xml:12:9-21:20
	android:label
		ADDED from src\main\AndroidManifest.xml:14:13-45
	android:name
		ADDED from src\main\AndroidManifest.xml:13:13-58
intent-filter#android.intent.action.MAIN+android.intent.category.LAUNCHER
ADDED from src\main\AndroidManifest.xml:16:13-20:29
action#android.intent.action.MAIN
ADDED from src\main\AndroidManifest.xml:17:17-69
	android:name
		ADDED from src\main\AndroidManifest.xml:17:25-66
category#android.intent.category.LAUNCHER
ADDED from src\main\AndroidManifest.xml:19:17-77
	android:name
		ADDED from src\main\AndroidManifest.xml:19:27-74
activity#com.hy.customview.activity.ValidViewActivity
ADDED from src\main\AndroidManifest.xml:22:9-24:20
	android:label
		ADDED from src\main\AndroidManifest.xml:23:19-51
	android:name
		ADDED from src\main\AndroidManifest.xml:22:19-61
activity#com.hy.customview.activity.WaveViewActivity
ADDED from src\main\AndroidManifest.xml:26:9-28:20
	android:label
		ADDED from src\main\AndroidManifest.xml:27:13-48
	android:name
		ADDED from src\main\AndroidManifest.xml:26:19-60
activity#com.hy.customview.activity.PopupViewActivity
ADDED from src\main\AndroidManifest.xml:30:9-32:20
	android:label
		ADDED from src\main\AndroidManifest.xml:31:19-51
	android:name
		ADDED from src\main\AndroidManifest.xml:30:19-61
activity#com.hy.customview.activity.CirclePercentViewActivity
ADDED from src\main\AndroidManifest.xml:34:9-36:20
	android:label
		ADDED from src\main\AndroidManifest.xml:35:19-56
	android:name
		ADDED from src\main\AndroidManifest.xml:34:19-69
activity#com.hy.customview.activity.SimpleLineChartActivity
ADDED from src\main\AndroidManifest.xml:38:9-40:20
	android:label
		ADDED from src\main\AndroidManifest.xml:39:19-53
	android:name
		ADDED from src\main\AndroidManifest.xml:38:19-67
activity#com.hy.customview.activity.PanelViewActivity
ADDED from src\main\AndroidManifest.xml:42:9-44:20
	android:label
		ADDED from src\main\AndroidManifest.xml:43:19-51
	android:name
		ADDED from src\main\AndroidManifest.xml:42:19-61
activity#com.hy.customview.activity.LoadSuccessViewActivity
ADDED from src\main\AndroidManifest.xml:45:9-46:75
	android:label
		ADDED from src\main\AndroidManifest.xml:46:19-63
	android:name
		ADDED from src\main\AndroidManifest.xml:45:19-67
activity#com.hy.customview.activity.TouchActivity
ADDED from src\main\AndroidManifest.xml:48:9-49:68
	android:label
		ADDED from src\main\AndroidManifest.xml:49:19-56
	android:name
		ADDED from src\main\AndroidManifest.xml:48:19-57
activity#com.hy.customview.activity.CleanActivity
ADDED from src\main\AndroidManifest.xml:51:9-52:69
	android:label
		ADDED from src\main\AndroidManifest.xml:52:19-57
	android:name
		ADDED from src\main\AndroidManifest.xml:51:19-57
activity#com.hy.customview.activity.CustomViewViewActivity
ADDED from src\main\AndroidManifest.xml:54:9-55:57
	android:label
		ADDED from src\main\AndroidManifest.xml:55:19-45
	android:name
		ADDED from src\main\AndroidManifest.xml:54:19-66
uses-sdk
INJECTED from src\main\AndroidManifest.xml reason: use-sdk injection requested
MERGED from [com.android.support:design:23.4.0] AndroidManifest.xml:20:5-43
MERGED from [com.android.support:recyclerview-v7:23.4.0] AndroidManifest.xml:20:5-43
MERGED from [com.android.support:support-v4:23.4.0] AndroidManifest.xml:20:5-43
MERGED from [com.android.support:appcompat-v7:23.4.0] AndroidManifest.xml:21:5-23:78
MERGED from [com.android.support:animated-vector-drawable:23.4.0] AndroidManifest.xml:5:5-44
MERGED from [com.android.support:support-vector-drawable:23.4.0] AndroidManifest.xml:5:5-43
	tools:overrideLibrary
		ADDED from [com.android.support:appcompat-v7:23.4.0] AndroidManifest.xml:23:9-75
	android:targetSdkVersion
		INJECTED from src\main\AndroidManifest.xml
		INJECTED from src\main\AndroidManifest.xml
	android:minSdkVersion
		INJECTED from src\main\AndroidManifest.xml
		INJECTED from src\main\AndroidManifest.xml